<?xml version="1.0" encoding="UTF-8"?>
<!-- Generated by org.testng.reporters.JUnitReportReporter -->
<testsuite hostname="DESKTOP-QQJINFP" failures="0" tests="1" name="edit.EducacionIT_65089.AccesoABaseDeDatosTest" time="0.417" errors="0" timestamp="2023-11-01T09:58:36 ART" skipped="0">
  <testcase classname="edit.EducacionIT_65089.AccesoABaseDeDatosTest" name="testBaseDeDatos" time="0.417"/>
</testsuite> <!-- edit.EducacionIT_65089.AccesoABaseDeDatosTest -->
