<?xml version="1.0" encoding="UTF-8"?>
<!-- Generated by org.testng.reporters.JUnitReportReporter -->
<testsuite hostname="DESKTOP-QQJINFP" failures="0" tests="1" name="edit.EducacionIT_65089.MobileEmulationTest" time="17.338" errors="0" timestamp="2023-11-01T09:26:01 ART" skipped="0">
  <testcase classname="edit.EducacionIT_65089.MobileEmulationTest" name="testMobileEmulation" time="17.338"/>
</testsuite> <!-- edit.EducacionIT_65089.MobileEmulationTest -->
