<?xml version="1.0" encoding="UTF-8"?>
<!-- Generated by org.testng.reporters.JUnitReportReporter -->
<testsuite hostname="DESKTOP-QQJINFP" failures="0" tests="1" name="edit.EducacionIT_65089.AppTest" time="0.003" errors="0" timestamp="2023-10-11T09:12:09 ART" skipped="0">
  <testcase classname="edit.EducacionIT_65089.AppTest" name="shouldAnswerWithTrue" time="0.003"/>
</testsuite> <!-- edit.EducacionIT_65089.AppTest -->
