<?xml version="1.0" encoding="UTF-8"?>
<!-- Generated by org.testng.reporters.JUnitReportReporter -->
<testsuite hostname="DESKTOP-QQJINFP" failures="0" tests="1" name="edit.EducacionIT_65089.Clase3Test" time="17.340" errors="0" timestamp="2023-10-18T09:25:36 ART" skipped="0">
  <testcase classname="edit.EducacionIT_65089.Clase3Test" name="irAContactanos" time="17.340"/>
</testsuite> <!-- edit.EducacionIT_65089.Clase3Test -->
