<?xml version="1.0" encoding="UTF-8"?>
<!-- Generated by org.testng.reporters.JUnitReportReporter -->
<testsuite hostname="DESKTOP-QQJINFP" failures="0" tests="1" name="pruebas.Clase6Test" time="0.311" errors="0" timestamp="2023-11-01T09:08:37 ART" skipped="0">
  <testcase classname="pruebas.Clase6Test" name="alertaNotificacion" time="0.311"/>
</testsuite> <!-- pruebas.Clase6Test -->
