<?xml version="1.0" encoding="UTF-8"?>
<!-- Generated by org.testng.reporters.JUnitReportReporter -->
<testsuite hostname="DESKTOP-QQJINFP" failures="0" tests="5" name="pruebas.Clase5Test" time="10.572" errors="0" timestamp="2023-10-25T10:19:28 ART" skipped="0">
  <testcase classname="pruebas.Clase5Test" name="login" time="2.243"/>
  <testcase classname="pruebas.Clase5Test" name="login" time="1.988"/>
  <testcase classname="pruebas.Clase5Test" name="login" time="2.480"/>
  <testcase classname="pruebas.Clase5Test" name="login" time="2.168"/>
  <testcase classname="pruebas.Clase5Test" name="login" time="1.693"/>
</testsuite> <!-- pruebas.Clase5Test -->
