<?xml version="1.0" encoding="UTF-8"?>
<!-- Generated by org.testng.reporters.JUnitReportReporter -->
<testsuite hostname="DESKTOP-QQJINFP" failures="0" tests="2" name="edit.EducacionIT_65089.Clase1Test" time="34.247" errors="0" timestamp="2023-10-11T09:12:09 ART" skipped="0">
  <testcase classname="edit.EducacionIT_65089.Clase1Test" name="buscarPalabraEnFirefox" time="16.894"/>
  <testcase classname="edit.EducacionIT_65089.Clase1Test" name="buscarPalabraEnEdge" time="17.353"/>
</testsuite> <!-- edit.EducacionIT_65089.Clase1Test -->
