<?xml version="1.0" encoding="UTF-8"?>
<!-- Generated by org.testng.reporters.JUnitReportReporter -->
<testsuite hostname="DESKTOP-QQJINFP" failures="0" tests="1" name="edit.EducacionIT_65089.ScrollScreenshotTest" time="43.804" errors="0" timestamp="2023-11-01T09:21:37 ART" skipped="0">
  <testcase classname="edit.EducacionIT_65089.ScrollScreenshotTest" name="scrollScreenshotTest" time="43.804"/>
</testsuite> <!-- edit.EducacionIT_65089.ScrollScreenshotTest -->
