<?xml version="1.0" encoding="UTF-8"?>
<!-- Generated by org.testng.reporters.JUnitReportReporter -->
<testsuite hostname="DESKTOP-QQJINFP" failures="0" tests="2" name="pruebas.Clase4Test" time="6.608" errors="0" timestamp="2023-10-18T10:51:20 ART" skipped="0">
  <testcase classname="pruebas.Clase4Test" name="buscarPalabra" time="4.026"/>
  <testcase classname="pruebas.Clase4Test" name="login" time="2.582"/>
</testsuite> <!-- pruebas.Clase4Test -->
