<?xml version="1.0" encoding="UTF-8"?>
<!-- Generated by org.testng.reporters.JUnitReportReporter -->
<testsuite hostname="DESKTOP-QQJINFP" failures="0" tests="2" name="pruebas.Clase4Test" time="0.001" errors="0" timestamp="2023-11-01T10:27:20 ART" skipped="2">
  <testcase classname="pruebas.Clase4Test" name="login" time="0.001">
    <skipped/>
  </testcase> <!-- login -->
  <testcase classname="pruebas.Clase4Test" name="buscarPalabra" time="0.000">
    <skipped/>
  </testcase> <!-- buscarPalabra -->
</testsuite> <!-- pruebas.Clase4Test -->
