<?xml version="1.0" encoding="UTF-8"?>
<!-- Generated by org.testng.reporters.JUnitReportReporter -->
<testsuite hostname="DESKTOP-QQJINFP" failures="0" tests="2" name="pruebas.Clase6Test" time="0.000" errors="0" timestamp="2023-11-01T10:27:20 ART" skipped="2">
  <testcase classname="pruebas.Clase6Test" name="alertaNotificacion" time="0.000">
    <skipped/>
  </testcase> <!-- alertaNotificacion -->
  <testcase classname="pruebas.Clase6Test" name="alertaEspera" time="0.000">
    <skipped/>
  </testcase> <!-- alertaEspera -->
</testsuite> <!-- pruebas.Clase6Test -->
