<?xml version="1.0" encoding="UTF-8"?>
<!-- Generated by org.testng.reporters.JUnitReportReporter -->
<testsuite hostname="DESKTOP-QQJINFP" failures="0" tests="2" name="edit.EducacionIT_65089.Clase3Test" time="0.000" errors="0" timestamp="2023-11-01T10:27:20 ART" skipped="2">
  <testcase classname="edit.EducacionIT_65089.Clase3Test" name="irAContactanos" time="0.000">
    <skipped/>
  </testcase> <!-- irAContactanos -->
  <testcase classname="edit.EducacionIT_65089.Clase3Test" name="buscarPalabra" time="0.000">
    <skipped/>
  </testcase> <!-- buscarPalabra -->
</testsuite> <!-- edit.EducacionIT_65089.Clase3Test -->
