<?xml version="1.0" encoding="UTF-8"?>
<!-- Generated by org.testng.reporters.JUnitReportReporter -->
<testsuite hostname="DESKTOP-QQJINFP" failures="0" tests="1" name="edit.EducacionIT_65089.ScrollScreenshotTest" time="0.000" errors="0" timestamp="2023-11-01T10:27:20 ART" skipped="1">
  <testcase classname="edit.EducacionIT_65089.ScrollScreenshotTest" name="scrollScreenshotTest" time="0.000">
    <skipped/>
  </testcase> <!-- scrollScreenshotTest -->
</testsuite> <!-- edit.EducacionIT_65089.ScrollScreenshotTest -->
